<?xml version="1.0" encoding="UTF-8"?>
<!-- Generated by org.testng.reporters.JUnitReportReporter -->
<testsuite hostname="LTIN489511" failures="0" tests="6" name="com.cognizant.TS02LanguageLearningOverview.TCLanguageSection" time="3.668" errors="0" timestamp="2025-07-14T11:42:17 IST" skipped="0">
  <testcase classname="com.cognizant.TS02LanguageLearningOverview.TCLanguageSection" name="tc03ToVerifyVisibilityOfShowMoreLink" time="0.030"/>
  <testcase classname="com.cognizant.TS02LanguageLearningOverview.TCLanguageSection" name="tc08ToVerifyCountOfLanguages" time="0.200"/>
  <testcase classname="com.cognizant.TS02LanguageLearningOverview.TCLanguageSection" name="tc04ToVerifyEnglishOptionIsAvailable" time="0.107"/>
  <testcase classname="com.cognizant.TS02LanguageLearningOverview.TCLanguageSection" name="tc11ToVerifyEnglishLanguageCheckboxChecked" time="1.851"/>
  <testcase classname="com.cognizant.TS02LanguageLearningOverview.TCLanguageSection" name="tc05ToVeriftCountOfCoursesVisibleForEachLanguage" time="0.073"/>
  <testcase classname="com.cognizant.TS02LanguageLearningOverview.TCLanguageSection" name="tc02ToVerifyLanguageSectionAccessible" time="1.407"/>
</testsuite> <!-- com.cognizant.TS02LanguageLearningOverview.TCLanguageSection -->
