<?xml version="1.0" encoding="UTF-8"?>
<!-- Generated by org.testng.reporters.JUnitReportReporter -->
<testsuite hostname="LTIN489511" failures="0" tests="6" name="com.cognizant.TS02LanguageLearningOverview.TCLanguageSection" time="5.710" errors="0" timestamp="2025-07-16T08:29:20 IST" skipped="0">
  <testcase classname="com.cognizant.TS02LanguageLearningOverview.TCLanguageSection" name="tc02ToVerifyLanguageSectionAccessible" time="0.610"/>
  <testcase classname="com.cognizant.TS02LanguageLearningOverview.TCLanguageSection" name="tc04ToVerifyEnglishOptionIsAvailable" time="0.756"/>
  <testcase classname="com.cognizant.TS02LanguageLearningOverview.TCLanguageSection" name="tc10ToVerifyEnglishLanguageCheckboxChecked" time="2.333"/>
  <testcase classname="com.cognizant.TS02LanguageLearningOverview.TCLanguageSection" name="tc03ToVerifyVisibilityOfShowMoreLink" time="0.244"/>
  <testcase classname="com.cognizant.TS02LanguageLearningOverview.TCLanguageSection" name="tc08ToVerifyCountOfLanguages" time="0.252"/>
  <testcase classname="com.cognizant.TS02LanguageLearningOverview.TCLanguageSection" name="tc05ToVerifyCountOfCoursesVisibleForEachLanguage" time="1.515">
    <system-out>
      <![CDATA[Available languages and count of courses:
English(6,278)

Spanish(2,969)

Arabic(2,478)

French(2,460)

Portuguese (Brazil)(2,429)

Japanese(2,329)

Chinese (China)(2,323)

German(2,320)

Indonesian(2,295)

Korean(2,236)

Russian(2,231)

Hindi(2,204)

Turkish(2,164)

Ukrainian(2,162)

Italian(2,151)

Thai(2,137)

Polish(2,130)

Dutch(2,127)

Greek(2,125)

Swedish(2,124)

Kazakh(1,971)

Hungarian(1,349)

Uzbek(510)

Vietnamese(479)

Azerbaijani(458)

Pushto(252)

Chinese (Traditional)(41)

Hebrew(4)

Catalan(1)

Croatian(1)

Portuguese(1)

Portuguese (Portugal)(1)
]]>
    </system-out>
  </testcase> <!-- tc05ToVerifyCountOfCoursesVisibleForEachLanguage -->
  <system-out>
    <![CDATA[Available languages and count of courses:
English(6,278)

Spanish(2,969)

Arabic(2,478)

French(2,460)

Portuguese (Brazil)(2,429)

Japanese(2,329)

Chinese (China)(2,323)

German(2,320)

Indonesian(2,295)

Korean(2,236)

Russian(2,231)

Hindi(2,204)

Turkish(2,164)

Ukrainian(2,162)

Italian(2,151)

Thai(2,137)

Polish(2,130)

Dutch(2,127)

Greek(2,125)

Swedish(2,124)

Kazakh(1,971)

Hungarian(1,349)

Uzbek(510)

Vietnamese(479)

Azerbaijani(458)

Pushto(252)

Chinese (Traditional)(41)

Hebrew(4)

Catalan(1)

Croatian(1)

Portuguese(1)

Portuguese (Portugal)(1)
]]>
  </system-out>
</testsuite> <!-- com.cognizant.TS02LanguageLearningOverview.TCLanguageSection -->
